2024-12-19 02:44:43, POST, testthunder5, Successfully added a song to playlist
2024-12-19 03:18:11, POST, testthunder5, Successfully added a song to playlist
2024-12-19 04:00:18, POST, Alira, Successfully retrieved songs
2024-12-19 04:00:21, POST, Alira, Successfully retrieved songs
2024-12-19 04:03:34, POST, Alira, Successfully retrieved songs
2024-12-19 04:04:02, GET, Alira, Successfully retrieved songs
2024-12-19 04:04:27, GET, Alira, Successfully retrieved playlist
2024-12-19 04:06:48, GET, Alira, Successfully retrieved playlist
2024-12-19 04:06:53, GET, Alira, Successfully retrieved playlist
2024-12-19 04:10:59, GET, Alira, Successfully retrieved playlist
2024-12-19 04:48:19, GET, Alira, Successfully retrieved songs
2024-12-19 04:50:56, GET, Alira, Successfully retrieved songs
2024-12-19 05:30:15, GET, Alira, Successfully retrieved songs
2024-12-19 05:30:58, GET, Alira, Successfully retrieved playlist
2024-12-19 05:37:32, GET, Alira, Successfully retrieved playlist
2024-12-19 05:37:40, GET, Alira, Successfully retrieved playlist
2024-12-19 21:05:16, GET, Alira, Successfully retrieved songs
2024-12-19 21:05:23, GET, Alira, Successfully retrieved playlist
2024-12-19 21:06:07, GET, Alira, Successfully retrieved playlist
2024-12-19 21:23:38, POST, Alira, Successfully created a playlist
2024-12-19 21:23:42, GET, Alira, Successfully retrieved playlist
2024-12-19 21:23:45, GET, Alira, Failed to retrieved playlist
2024-12-19 21:23:47, GET, Alira, Failed to retrieved playlist
2024-12-19 21:23:49, GET, Alira, Successfully retrieved playlist
2024-12-19 21:23:59, GET, Alira, Successfully retrieved playlist
2024-12-19 21:25:22, GET, Alira, Failed to retrieved playlist
2024-12-19 21:25:26, GET, Alira, Failed to retrieved playlist
2024-12-19 21:25:28, GET, Alira, Successfully retrieved playlist
2024-12-19 21:25:31, GET, Alira, Successfully retrieved playlist
2024-12-19 21:26:04, GET, Alira, Failed to retrieved playlist
2024-12-19 21:30:40, GET, Alira, Failed to retrieve playlist
2024-12-19 21:30:44, GET, Alira, Successfully retrieved playlist
2024-12-19 21:30:58, GET, Alira, Failed to retrieve playlist
2024-12-19 21:31:06, GET, Alira, Successfully retrieved playlist
2024-12-19 21:31:35, GET, Alira, Successfully retrieved playlist
2024-12-19 21:31:42, GET, Alira, Failed to retrieve playlist
2024-12-19 21:31:59, GET, Alira, Failed to retrieve playlist
2024-12-19 21:32:02, GET, Alira, Successfully retrieved playlist
2024-12-19 21:34:02, GET, Alira, Successfully retrieved playlist
2024-12-19 21:36:03, POST, Alira, Successfully added a song to playlist
2024-12-19 21:36:11, GET, Alira, Successfully retrieved playlist
2024-12-19 21:38:44, GET, Alira, Failed to retrieve playlist
2024-12-19 21:38:49, GET, Alira, Failed to retrieve playlist
2024-12-19 21:38:50, GET, Alira, Successfully retrieved playlist
2024-12-19 21:38:52, GET, Alira, Successfully retrieved playlist
2024-12-19 21:38:55, GET, Alira, Failed to retrieve playlist
2024-12-19 21:38:57, GET, Alira, Failed to retrieve playlist
2024-12-19 21:39:00, GET, Alira, Successfully retrieved playlist
2024-12-19 21:39:02, GET, Alira, Successfully retrieved playlist
2024-12-19 21:39:04, GET, Alira, Successfully retrieved playlist
2024-12-19 21:41:57, GET, Alira, Successfully retrieved playlist
2024-12-19 21:42:36, GET, Alira, Successfully retrieved songs
2024-12-19 21:49:56, GET, Alira, Failed to retrieve playlist
2024-12-19 21:50:04, GET, Alira, Successfully retrieved playlist
2024-12-19 21:50:08, GET, Alira, Successfully retrieved playlist
2024-12-19 21:50:12, GET, Alira, Failed to retrieve playlist
2024-12-19 21:51:16, GET, Alira, Failed to retrieve playlist
2024-12-19 21:52:57, GET, Alira, Successfully retrieved songs
2024-12-19 21:53:05, GET, Alira, Successfully retrieved songs
2024-12-19 21:54:02, GET, Alira, Successfully retrieved playlist
2024-12-19 21:54:11, GET, Alira, Failed to retrieve playlist
2024-12-19 21:54:47, GET, Alira, Failed to retrieve playlist
2024-12-19 21:58:47, GET, Alira, Successfully retrieved playlist
2024-12-19 21:59:05, GET, Alira, Successfully retrieved playlist
2024-12-19 21:59:16, GET, Alira, Successfully retrieved playlist
2024-12-19 22:00:28, GET, Alira, Successfully retrieved songs
2024-12-19 22:00:37, GET, Alira, Successfully retrieved playlist
2024-12-19 22:00:42, GET, Alira, Failed to retrieve playlist
2024-12-19 22:00:45, GET, Alira, Failed to retrieve playlist
2024-12-19 22:00:47, GET, Alira, Failed to retrieve playlist
2024-12-19 22:00:52, GET, Alira, Failed to retrieve playlist
2024-12-19 22:12:48, GET, Alira, Failed to retrieved songs
2024-12-19 22:15:05, POST, Alira, Uploaded a file song
2024-12-19 22:15:31, POST, Alira, Successfully created a playlist
2024-12-19 22:16:04, POST, Alira, Successfully added a song to playlist
2024-12-19 22:16:10, GET, Alira, Successfully retrieved playlist
2024-12-19 22:16:22, GET, Alira, Successfully retrieved songs
2024-12-19 22:16:29, PATCH, Alira, Successfully archived song
2024-12-19 22:16:32, GET, Alira, Failed to retrieved songs
2024-12-19 22:16:43, GET, Alira, Successfully retrieved playlist
2024-12-19 22:17:11, GET, Alira, Failed to retrieved songs
